\BOOKMARK [0][-]{dummy.1}{\376\377\000A\000b\000s\000t\000r\000a\000c\000t}{}% 1
\BOOKMARK [0][-]{dummy.2}{\376\377\000C\000o\000n\000t\000e\000n\000t\000s}{}% 2
\BOOKMARK [0][-]{dummy.4}{\376\377\000L\000i\000s\000t\000\040\000o\000f\000\040\000F\000i\000g\000u\000r\000e\000s}{}% 3
\BOOKMARK [0][-]{chapter.6}{\376\377\0001\000\040\000I\000n\000t\000r\000o\000d\000u\000c\000t\000i\000o\000n}{}% 4
\BOOKMARK [1][-]{section.7}{\376\377\0001\000.\0001\000\040\000I\000n\000t\000r\000o\000d\000u\000c\000t\000i\000o\000n\000\040\000t\000o\000\040\000W\000a\000v\000e\000l\000e\000t\000\040\000T\000r\000a\000n\000s\000f\000o\000r\000m}{chapter.6}% 5
\BOOKMARK [2][-]{subsection.9}{\376\377\0001\000.\0001\000.\0001\000\040\000T\000h\000e\000\040\000S\000c\000a\000l\000i\000n\000g\000\040\000F\000u\000n\000c\000t\000i\000o\000n}{section.7}% 6
\BOOKMARK [2][-]{subsection.13}{\376\377\0001\000.\0001\000.\0002\000\040\000T\000h\000e\000\040\000W\000a\000v\000e\000l\000e\000t\000\040\000F\000u\000n\000c\000t\000i\000o\000n\000s}{section.7}% 7
\BOOKMARK [1][-]{section.16}{\376\377\0001\000.\0002\000\040\000I\000n\000t\000r\000o\000d\000u\000c\000t\000i\000o\000n\000\040\000t\000o\000\040\000F\000i\000l\000t\000e\000r\000\040\000B\000a\000n\000k\000s\000\040\000a\000n\000d\000\040\000D\000i\000s\000c\000r\000e\000t\000e\000\040\000W\000a\000v\000e\000l\000e\000t\000\040\000T\000r\000a\000n\000s\000f\000o\000r\000m}{chapter.6}% 8
\BOOKMARK [2][-]{subsection.17}{\376\377\0001\000.\0002\000.\0001\000\040\000A\000n\000a\000l\000y\000s\000i\000s\000\040\000-\000\040\000F\000r\000o\000m\000\040\000F\000i\000n\000e\000\040\000S\000c\000a\000l\000e\000\040\000t\000o\000\040\000C\000o\000a\000r\000s\000e\000\040\000S\000c\000a\000l\000e}{section.16}% 9
\BOOKMARK [2][-]{subsection.21}{\376\377\0001\000.\0002\000.\0002\000\040\000S\000y\000n\000t\000h\000e\000s\000i\000s\000\040\000-\000\040\000F\000r\000o\000m\000\040\000C\000o\000a\000r\000s\000e\000\040\000S\000c\000a\000l\000e\000\040\000t\000o\000\040\000F\000i\000n\000e\000\040\000S\000c\000a\000l\000e}{section.16}% 10
\BOOKMARK [2][-]{subsection.23}{\376\377\0001\000.\0002\000.\0003\000\040\000D\000i\000s\000c\000r\000e\000t\000e\000\040\000W\000a\000v\000e\000l\000e\000t\000\040\000T\000r\000a\000n\000s\000f\000o\000r\000m}{section.16}% 11
\BOOKMARK [0][-]{chapter.24}{\376\377\0002\000\040\000M\000e\000t\000h\000o\000d\000s}{}% 12
\BOOKMARK [1][-]{section.25}{\376\377\0002\000.\0001\000\040\000D\000i\000s\000c\000r\000e\000t\000e\000\040\000F\000r\000a\000m\000e\000l\000e\000t\000\040\000T\000r\000a\000n\000s\000f\000o\000r\000m}{chapter.24}% 13
\BOOKMARK [2][-]{subsection.26}{\376\377\0002\000.\0001\000.\0001\000\040\000M\000a\000l\000l\000a\000t\000'\000s\000\040\000a\000l\000g\000o\000r\000i\000t\000h\000m}{section.25}% 14
\BOOKMARK [2][-]{subsection.27}{\376\377\0002\000.\0001\000.\0002\000\040\000O\000n\000e\000\040\000L\000e\000v\000e\000l\000\040\000D\000i\000s\000c\000r\000e\000t\000e\000\040\000F\000r\000a\000m\000e\000l\000e\000t\000\040\000T\000r\000a\000n\000s\000f\000o\000r\000m}{section.25}% 15
\BOOKMARK [2][-]{subsection.30}{\376\377\0002\000.\0001\000.\0003\000\040\000M\000u\000l\000t\000i\000-\000l\000e\000v\000e\000l\000\040\000d\000i\000s\000c\000r\000e\000t\000e\000\040\000w\000a\000v\000e\000l\000e\000t\000\040\000t\000r\000a\000n\000s\000f\000o\000r\000m}{section.25}% 16
\BOOKMARK [2][-]{subsection.33}{\376\377\0002\000.\0001\000.\0004\000\040\000I\000m\000p\000l\000e\000m\000e\000n\000t\000\040\000t\000h\000e\000\040\000a\000l\000g\000o\000r\000i\000t\000h\000m\000\040\000o\000n\000\040\000I\000m\000a\000g\000e\000s}{section.25}% 17
\BOOKMARK [1][-]{section.53}{\376\377\0002\000.\0002\000\040\000W\000a\000v\000e\000l\000e\000t\000\040\000T\000r\000a\000n\000s\000f\000o\000r\000m\000\040\000i\000n\000\040\000I\000m\000a\000g\000e\000\040\000D\000e\000n\000o\000i\000s\000i\000n\000g}{chapter.24}% 18
\BOOKMARK [2][-]{subsection.54}{\376\377\0002\000.\0002\000.\0001\000\040\000P\000r\000o\000b\000l\000e\000m\000\040\000F\000o\000r\000m\000u\000l\000a\000t\000i\000o\000n}{section.53}% 19
\BOOKMARK [2][-]{subsection.57}{\376\377\0002\000.\0002\000.\0002\000\040\000W\000a\000v\000e\000l\000e\000t\000\040\000T\000h\000r\000e\000s\000h\000o\000l\000d\000i\000n\000g}{section.53}% 20
\BOOKMARK [2][-]{subsection.60}{\376\377\0002\000.\0002\000.\0003\000\040\000A\000l\000g\000o\000r\000i\000t\000h\000m\000\040\000f\000o\000r\000\040\000i\000m\000a\000g\000e\000\040\000d\000e\000n\000o\000i\000s\000i\000n\000g}{section.53}% 21
\BOOKMARK [1][-]{section.82}{\376\377\0002\000.\0003\000\040\000W\000a\000v\000e\000l\000e\000t\000\040\000T\000r\000a\000n\000s\000f\000o\000r\000m\000\040\000i\000n\000\040\000I\000m\000a\000g\000e\000\040\000I\000n\000p\000a\000i\000n\000t\000i\000n\000g}{chapter.24}% 22
\BOOKMARK [2][-]{subsection.83}{\376\377\0002\000.\0003\000.\0001\000\040\000P\000r\000o\000b\000l\000e\000m\000\040\000F\000o\000r\000m\000u\000l\000a\000t\000i\000o\000n}{section.82}% 23
\BOOKMARK [2][-]{subsection.84}{\376\377\0002\000.\0003\000.\0002\000\040\000A\000l\000g\000o\000r\000i\000t\000h\000m\000\040\000f\000o\000r\000\040\000i\000m\000a\000g\000e\000\040\000i\000n\000p\000a\000i\000n\000t\000i\000n\000g}{section.82}% 24
\BOOKMARK [0][-]{chapter.111}{\376\377\0003\000\040\000R\000e\000s\000u\000l\000t\000s}{}% 25
\BOOKMARK [1][-]{section.112}{\376\377\0003\000.\0001\000\040\000I\000m\000a\000g\000e\000\040\000D\000e\000n\000o\000i\000s\000i\000n\000g}{chapter.111}% 26
\BOOKMARK [2][-]{subsection.113}{\376\377\0003\000.\0001\000.\0001\000\040\000P\000S\000N\000R\000\040\000r\000e\000s\000u\000l\000t\000s\000\040\000i\000n\000\040\000i\000m\000a\000g\000e\000\040\000d\000e\000n\000o\000i\000s\000i\000n\000g}{section.112}% 27
\BOOKMARK [2][-]{subsection.130}{\376\377\0003\000.\0001\000.\0002\000\040\000P\000e\000r\000f\000o\000r\000m\000a\000n\000c\000e\000\040\000a\000n\000a\000l\000y\000s\000i\000s}{section.112}% 28
\BOOKMARK [1][-]{section.132}{\376\377\0003\000.\0002\000\040\000I\000m\000a\000g\000e\000\040\000I\000n\000p\000a\000i\000n\000t\000i\000n\000g}{chapter.111}% 29
\BOOKMARK [2][-]{subsection.133}{\376\377\0003\000.\0002\000.\0001\000\040\000P\000S\000N\000R\000\040\000r\000e\000s\000u\000l\000t\000s\000\040\000i\000n\000\040\000i\000m\000a\000g\000e\000\040\000i\000n\000p\000a\000i\000n\000t\000i\000n\000g}{section.132}% 30
\BOOKMARK [2][-]{subsection.154}{\376\377\0003\000.\0002\000.\0002\000\040\000P\000e\000r\000f\000o\000r\000m\000a\000n\000c\000e\000\040\000a\000n\000a\000l\000y\000s\000i\000s}{section.132}% 31
\BOOKMARK [0][-]{chapter.156}{\376\377\0004\000\040\000C\000o\000n\000c\000l\000u\000s\000i\000o\000n}{}% 32
\BOOKMARK [0][-]{appendix.158}{\376\377\000A\000\040\000S\000o\000m\000e\000\040\000I\000m\000p\000o\000r\000t\000a\000n\000t\000\040\000M\000a\000t\000l\000a\000b\000\040\000c\000o\000d\000e\000s}{}% 33
